<?xml version="1.0" encoding="UTF-8"?>
<!-- Generated by org.testng.reporters.JUnitReportReporter -->
<testsuite hostname="ojas-dl447" failures="0" tests="1" name="Para.qa.TestCase.NewRegisterTestcase" time="7.169" errors="0" timestamp="2022-11-02T13:01:25 IST" skipped="0">
  <testcase classname="Para.qa.TestCase.NewRegisterTestcase" name="RegisterHomepage" time="7.169"/>
  <system-out/>
</testsuite> <!-- Para.qa.TestCase.NewRegisterTestcase -->
