<?xml version="1.0" encoding="UTF-8"?>
<!-- Generated by org.testng.reporters.JUnitReportReporter -->
<testsuite hostname="ojas-dl447" failures="0" tests="1" name="Para.qa.TestCase.RegisterTestCase" time="6.246" errors="0" timestamp="2022-11-02T10:15:39 IST" skipped="0">
  <testcase classname="Para.qa.TestCase.RegisterTestCase" name="RegisterPage" time="6.246"/>
  <system-out/>
</testsuite> <!-- Para.qa.TestCase.RegisterTestCase -->
