<?xml version="1.0" encoding="UTF-8"?>
<!-- Generated by org.testng.reporters.JUnitReportReporter -->
<testsuite hostname="ojas-dl447" failures="0" tests="3" name="com.qa.testcases.HomePageTest" time="21.616" errors="0" timestamp="2022-10-31T15:38:23 IST" skipped="0">
  <testcase classname="com.qa.testcases.HomePageTest" name="LocationDropdown" time="4.948"/>
  <system-out/>
  <testcase classname="com.qa.testcases.HomePageTest" name="WelcomeText" time="11.205"/>
  <system-out/>
  <testcase classname="com.qa.testcases.HomePageTest" name="getText" time="5.463"/>
  <system-out/>
</testsuite> <!-- com.qa.testcases.HomePageTest -->
