<?xml version="1.0" encoding="UTF-8"?>
<!-- Generated by org.testng.reporters.JUnitReportReporter -->
<testsuite hostname="ojas-dl447" failures="0" tests="2" name="com.qa.testcases.LogoutTest" time="11.709" errors="0" timestamp="2022-11-10T15:26:07 IST" skipped="0">
  <testcase classname="com.qa.testcases.LogoutTest" name="GetTitle" time="4.565"/>
  <system-out/>
  <testcase classname="com.qa.testcases.LogoutTest" name="Logout" time="7.144"/>
  <system-out/>
</testsuite> <!-- com.qa.testcases.LogoutTest -->
