<?xml version="1.0" encoding="UTF-8"?>
<!-- Generated by org.testng.reporters.JUnitReportReporter -->
<testsuite hostname="ojas-dl447" failures="0" tests="3" name="com.qa.testcases.LoginPageTest" time="13.644" errors="0" timestamp="2022-10-31T15:38:23 IST" skipped="0">
  <testcase classname="com.qa.testcases.LoginPageTest" name="ImgLogo" time="4.723"/>
  <system-out/>
  <testcase classname="com.qa.testcases.LoginPageTest" name="LoginPage" time="4.308"/>
  <system-out/>
  <testcase classname="com.qa.testcases.LoginPageTest" name="LoginPageTitle" time="4.613"/>
  <system-out/>
</testsuite> <!-- com.qa.testcases.LoginPageTest -->
